Date/time: 2023-01-09 22:16:32.160727
Name: hello_world
Arguments: ((), {})
Result: Hello World
Date/time: 2023-01-09 22:16:32.161754
Name: summator
Arguments: ((2, 2), {})
Result: 4
Date/time: 2023-01-09 22:16:32.161754
Name: div
Arguments: ((6, 2), {})
Result: 3.0
Date/time: 2023-01-09 22:16:32.162722
Name: summator
Arguments: ((4.3,), {'b': 2.2})
Result: 6.5
Date/time: 2023-01-09 22:16:32.162722
Name: summator
Arguments: ((), {'a': 0, 'b': 0})
Result: 0
Date/time: 2023-01-09 22:16:32.166710
Name: old_hw_test
Arguments: ((), {})
Result: {'Омлет': [{'ingredient_name': 'Яйцо', 'quantity': '2', 'measure': 'шт'}, {'ingredient_name': 'Молоко', 'quantity': '100', 'measure': 'мл'}, {'ingredient_name': 'Помидор', 'quantity': '2', 'measure': 'шт'}], 'Утка по-пекински': [{'ingredient_name': 'Утка', 'quantity': '1', 'measure': 'шт'}, {'ingredient_name': 'Вода', 'quantity': '2', 'measure': 'л'}, {'ingredient_name': 'Мед', 'quantity': '3', 'measure': 'ст.л'}, {'ingredient_name': 'Соевый соус', 'quantity': '60', 'measure': 'мл'}], 'Запеченный картофель': [{'ingredient_name': 'Картофель', 'quantity': '1', 'measure': 'кг'}, {'ingredient_name': 'Чеснок', 'quantity': '3', 'measure': 'зубч'}, {'ingredient_name': 'Сыр гауда', 'quantity': '100', 'measure': 'г'}], 'Фахитос': [{'ingredient_name': 'Говядина', 'quantity': '500', 'measure': 'г'}, {'ingredient_name': 'Перец сладкий', 'quantity': '1', 'measure': 'шт'}, {'ingredient_name': 'Лаваш', 'quantity': '2', 'measure': 'шт'}, {'ingredient_name': 'Винный уксус', 'quantity': '1', 'measure': 'ст.л'}, {'ingredient_name': 'Помидор', 'quantity': '2', 'measure': 'шт'}]}
